Requirement already satisfied: pip in /home/rabbidaemon/miniconda3/lib/python3.8/site-packages (21.0.1)
Requirement already satisfied: setuptools in /home/rabbidaemon/miniconda3/lib/python3.8/site-packages (53.0.0)
Requirement already satisfied: wheel in /home/rabbidaemon/miniconda3/lib/python3.8/site-packages (0.36.2)
Requirement already satisfied: numpy in /home/rabbidaemon/miniconda3/lib/python3.8/site-packages (1.19.4)
Requirement already satisfied: ta-lib in /home/rabbidaemon/miniconda3/lib/python3.8/site-packages (0.4.19)
Requirement already satisfied: numpy in /home/rabbidaemon/miniconda3/lib/python3.8/site-packages (from ta-lib) (1.19.4)
Requirement already satisfied: psycopg2-binary in /home/rabbidaemon/miniconda3/lib/python3.8/site-packages (2.8.6)
Collecting https://pip.vnpy.com/colletion/ibapi-9.76.1.tar.gz
  Using cached https://pip.vnpy.com/colletion/ibapi-9.76.1.tar.gz (55 kB)
Ignoring dataclasses: markers 'python_version <= "3.6"' don't match your environment
Collecting six==1.13.0
  Using cached six-1.13.0-py2.py3-none-any.whl (10 kB)
Requirement already satisfied: wheel in /home/rabbidaemon/miniconda3/lib/python3.8/site-packages (from -r requirements.txt (line 2)) (0.36.2)
Collecting PyQt5==5.14.1
  Using cached PyQt5-5.14.1-5.14.1-cp35.cp36.cp37.cp38-abi3-manylinux2014_x86_64.whl (63.5 MB)
Collecting pyqtgraph==0.10.0
  Using cached pyqtgraph-0.10.0.tar.gz (1.5 MB)
Requirement already satisfied: qdarkstyle in /home/rabbidaemon/miniconda3/lib/python3.8/site-packages (from -r requirements.txt (line 6)) (2.8.1)
Requirement already satisfied: requests in /home/rabbidaemon/miniconda3/lib/python3.8/site-packages (from -r requirements.txt (line 7)) (2.22.0)
Requirement already satisfied: websocket-client in /home/rabbidaemon/miniconda3/lib/python3.8/site-packages (from -r requirements.txt (line 8)) (0.57.0)
Requirement already satisfied: peewee in /home/rabbidaemon/miniconda3/lib/python3.8/site-packages (from -r requirements.txt (line 9)) (3.14.1)
Requirement already satisfied: pymysql in /home/rabbidaemon/miniconda3/lib/python3.8/site-packages (from -r requirements.txt (line 10)) (1.0.2)
Collecting psycopg2
  Using cached psycopg2-2.8.6.tar.gz (383 kB)
  Using cached psycopg2-2.8.5.tar.gz (380 kB)
  Using cached psycopg2-2.8.4.tar.gz (377 kB)
  Using cached psycopg2-2.8.3.tar.gz (377 kB)
  Using cached psycopg2-2.8.2.tar.gz (368 kB)
  Using cached psycopg2-2.8.1.tar.gz (367 kB)
  Using cached psycopg2-2.8.tar.gz (367 kB)
  Using cached psycopg2-2.7.7.tar.gz (427 kB)
  Using cached psycopg2-2.7.6.1.tar.gz (427 kB)
  Using cached psycopg2-2.7.6.tar.gz (427 kB)
  Using cached psycopg2-2.7.5.tar.gz (426 kB)
  Using cached psycopg2-2.7.4.tar.gz (425 kB)
  Using cached psycopg2-2.7.3.2.tar.gz (425 kB)
  Using cached psycopg2-2.7.3.1.tar.gz (425 kB)
  Using cached psycopg2-2.7.3.tar.gz (425 kB)
  Using cached psycopg2-2.7.2.tar.gz (424 kB)
  Using cached psycopg2-2.7.1.tar.gz (421 kB)
  Using cached psycopg2-2.7.tar.gz (421 kB)
  Using cached psycopg2-2.6.2.tar.gz (376 kB)
  Using cached psycopg2-2.6.1.tar.gz (371 kB)
  Using cached psycopg2-2.6.tar.gz (367 kB)
  Using cached psycopg2-2.5.5.tar.gz (779 kB)
  Using cached psycopg2-2.5.4.tar.gz (682 kB)
  Using cached psycopg2-2.5.3.tar.gz (690 kB)
  Using cached psycopg2-2.5.2.tar.gz (685 kB)
  Using cached psycopg2-2.5.1.tar.gz (684 kB)
  Using cached psycopg2-2.5.tar.gz (703 kB)
  Using cached psycopg2-2.4.6.tar.gz (667 kB)
  Using cached psycopg2-2.4.5.tar.gz (719 kB)
  Using cached psycopg2-2.4.4.tar.gz (648 kB)
  Using cached psycopg2-2.4.3.tar.gz (647 kB)
  Using cached psycopg2-2.4.2.tar.gz (667 kB)
  Using cached psycopg2-2.4.1.tar.gz (398 kB)
  Using cached psycopg2-2.4.tar.gz (607 kB)
  Using cached psycopg2-2.3.2.tar.gz (568 kB)
  Using cached psycopg2-2.3.1.tar.gz (567 kB)
  Using cached psycopg2-2.3.0.tar.gz (588 kB)
  Using cached psycopg2-2.2.2.tar.gz (530 kB)
  Using cached psycopg2-2.2.1.tar.gz (529 kB)
  Using cached psycopg2-2.2.0.tar.gz (528 kB)
  Using cached psycopg2-2.0.14.tar.gz (491 kB)
  Using cached psycopg2-2.0.13.tar.gz (258 kB)
  Using cached psycopg2-2.0.12.tar.gz (256 kB)
  Using cached psycopg2-2.0.11.tar.gz (255 kB)
  Using cached psycopg2-2.0.10.tar.gz (255 kB)
Generating locales (this might take a while)...
  zh_CN.GB18030... done
Generation complete.
Processing /home/rabbidaemon/vnpy-sino
Requirement already satisfied: PyQt5 in /home/rabbidaemon/miniconda3/lib/python3.8/site-packages (from vnpy==2.1.8) (5.15.2)
Requirement already satisfied: qdarkstyle in /home/rabbidaemon/miniconda3/lib/python3.8/site-packages (from vnpy==2.1.8) (2.8.1)
Requirement already satisfied: requests in /home/rabbidaemon/miniconda3/lib/python3.8/site-packages (from vnpy==2.1.8) (2.22.0)
Requirement already satisfied: websocket-client in /home/rabbidaemon/miniconda3/lib/python3.8/site-packages (from vnpy==2.1.8) (0.57.0)
Requirement already satisfied: peewee in /home/rabbidaemon/miniconda3/lib/python3.8/site-packages (from vnpy==2.1.8) (3.14.1)
Requirement already satisfied: numpy in /home/rabbidaemon/miniconda3/lib/python3.8/site-packages (from vnpy==2.1.8) (1.19.4)
Requirement already satisfied: pandas in /home/rabbidaemon/miniconda3/lib/python3.8/site-packages (from vnpy==2.1.8) (1.1.4)
Requirement already satisfied: matplotlib in /home/rabbidaemon/miniconda3/lib/python3.8/site-packages (from vnpy==2.1.8) (3.3.4)
Requirement already satisfied: seaborn in /home/rabbidaemon/miniconda3/lib/python3.8/site-packages (from vnpy==2.1.8) (0.11.1)
Requirement already satisfied: rqdatac in /home/rabbidaemon/miniconda3/lib/python3.8/site-packages (from vnpy==2.1.8) (2.9.24)
Requirement already satisfied: ta-lib in /home/rabbidaemon/miniconda3/lib/python3.8/site-packages (from vnpy==2.1.8) (0.4.19)
Requirement already satisfied: deap in /home/rabbidaemon/miniconda3/lib/python3.8/site-packages (from vnpy==2.1.8) (1.3.1)
Requirement already satisfied: pyzmq in /home/rabbidaemon/miniconda3/lib/python3.8/site-packages (from vnpy==2.1.8) (19.0.2)
Requirement already satisfied: QScintilla in /home/rabbidaemon/miniconda3/lib/python3.8/site-packages (from vnpy==2.1.8) (2.11.6)
Requirement already satisfied: kiwisolver>=1.0.1 in /home/rabbidaemon/miniconda3/lib/python3.8/site-packages (from matplotlib->vnpy==2.1.8) (1.3.1)
Requirement already satisfied: python-dateutil>=2.1 in /home/rabbidaemon/miniconda3/lib/python3.8/site-packages (from matplotlib->vnpy==2.1.8) (2.8.1)
Requirement already satisfied: cycler>=0.10 in /home/rabbidaemon/miniconda3/lib/python3.8/site-packages (from matplotlib->vnpy==2.1.8) (0.10.0)
Requirement already satisfied: pyparsing!=2.0.4,!=2.1.2,!=2.1.6,>=2.0.3 in /home/rabbidaemon/miniconda3/lib/python3.8/site-packages (from matplotlib->vnpy==2.1.8) (2.4.7)
Requirement already satisfied: pillow>=6.2.0 in /home/rabbidaemon/miniconda3/lib/python3.8/site-packages (from matplotlib->vnpy==2.1.8) (8.1.0)
Requirement already satisfied: six in /home/rabbidaemon/miniconda3/lib/python3.8/site-packages (from cycler>=0.10->matplotlib->vnpy==2.1.8) (1.14.0)
Requirement already satisfied: pytz>=2017.2 in /home/rabbidaemon/miniconda3/lib/python3.8/site-packages (from pandas->vnpy==2.1.8) (2020.4)
Requirement already satisfied: PyQt5-sip<13,>=12.8 in /home/rabbidaemon/miniconda3/lib/python3.8/site-packages (from PyQt5->vnpy==2.1.8) (12.8.1)
Requirement already satisfied: qtpy>=1.9 in /home/rabbidaemon/miniconda3/lib/python3.8/site-packages (from qdarkstyle->vnpy==2.1.8) (1.9.0)
Requirement already satisfied: helpdev>=0.6.10 in /home/rabbidaemon/miniconda3/lib/python3.8/site-packages (from qdarkstyle->vnpy==2.1.8) (0.7.1)
Requirement already satisfied: idna<2.9,>=2.5 in /home/rabbidaemon/miniconda3/lib/python3.8/site-packages (from requests->vnpy==2.1.8) (2.8)
Requirement already satisfied: chardet<3.1.0,>=3.0.2 in /home/rabbidaemon/miniconda3/lib/python3.8/site-packages (from requests->vnpy==2.1.8) (3.0.4)
Requirement already satisfied: certifi>=2017.4.17 in /home/rabbidaemon/miniconda3/lib/python3.8/site-packages (from requests->vnpy==2.1.8) (2020.4.5.1)
Requirement already satisfied: urllib3!=1.25.0,!=1.25.1,<1.26,>=1.21.1 in /home/rabbidaemon/miniconda3/lib/python3.8/site-packages (from requests->vnpy==2.1.8) (1.25.8)
Requirement already satisfied: python-rapidjson in /home/rabbidaemon/miniconda3/lib/python3.8/site-packages (from rqdatac->vnpy==2.1.8) (1.0)
Requirement already satisfied: brotli in /home/rabbidaemon/miniconda3/lib/python3.8/site-packages (from rqdatac->vnpy==2.1.8) (1.0.9)
Requirement already satisfied: msgpack>=0.5.2 in /home/rabbidaemon/miniconda3/lib/python3.8/site-packages (from rqdatac->vnpy==2.1.8) (1.0.0)
Requirement already satisfied: pymysql in /home/rabbidaemon/miniconda3/lib/python3.8/site-packages (from rqdatac->vnpy==2.1.8) (1.0.2)
Requirement already satisfied: SQLAlchemy in /home/rabbidaemon/miniconda3/lib/python3.8/site-packages (from rqdatac->vnpy==2.1.8) (1.3.23)
Requirement already satisfied: scipy>=1.0 in /home/rabbidaemon/miniconda3/lib/python3.8/site-packages (from seaborn->vnpy==2.1.8) (1.6.0)
Building wheels for collected packages: vnpy
  Building wheel for vnpy (setup.py): started
  Building wheel for vnpy (setup.py): finished with status 'error'
  Running setup.py clean for vnpy
Failed to build vnpy
Installing collected packages: vnpy
    Running setup.py install for vnpy: started
    Running setup.py install for vnpy: finished with status 'error'
